<?xml version="1.0" encoding="UTF-8"?>
<testng-results skipped="0" failed="3" ignored="0" total="18" passed="15">
  <reporter-output>
    <line>
      <![CDATA[Click to see Screenshot]]>
    </line>
    <line>
      <![CDATA[<a target="_blank" href=Wed_Dec_04_19_38_59_EST_2019.jpg>Screenshot</a>]]>
    </line>
    <line>
      <![CDATA[<br>]]>
    </line>
    <line>
      <![CDATA[<br>]]>
    </line>
    <line>
      <![CDATA[<a target="_blank" href=Wed_Dec_04_19_38_59_EST_2019.jpg><img src=Wed_Dec_04_19_38_59_EST_2019.jpg height=200 width=200></img></a>]]>
    </line>
    <line>
      <![CDATA[Click to see Screenshot]]>
    </line>
    <line>
      <![CDATA[<a target="_blank" href=Wed_Dec_04_19_39_00_EST_2019.jpg>Screenshot</a>]]>
    </line>
    <line>
      <![CDATA[<br>]]>
    </line>
    <line>
      <![CDATA[<br>]]>
    </line>
    <line>
      <![CDATA[<a target="_blank" href=Wed_Dec_04_19_39_00_EST_2019.jpg><img src=Wed_Dec_04_19_39_00_EST_2019.jpg height=200 width=200></img></a>]]>
    </line>
    <line>
      <![CDATA[Click to see Screenshot]]>
    </line>
    <line>
      <![CDATA[<a target="_blank" href=Wed_Dec_04_19_39_01_EST_2019.jpg>Screenshot</a>]]>
    </line>
    <line>
      <![CDATA[<br>]]>
    </line>
    <line>
      <![CDATA[<br>]]>
    </line>
    <line>
      <![CDATA[<a target="_blank" href=Wed_Dec_04_19_39_01_EST_2019.jpg><img src=Wed_Dec_04_19_39_01_EST_2019.jpg height=200 width=200></img></a>]]>
    </line>
  </reporter-output>
  <suite name="Login" duration-ms="11293" started-at="2019-12-05T00:38:51Z" finished-at="2019-12-05T00:39:03Z">
    <groups>
    </groups>
    <test name="Login_data-driven" duration-ms="11293" started-at="2019-12-05T00:38:51Z" finished-at="2019-12-05T00:39:03Z">
      <class name="datadriventestcases.LoginDataDriven">
        <test-method status="PASS" signature="asign()[pri:0, instance:datadriventestcases.LoginDataDriven@5e7cd6cc]" name="asign" duration-ms="6027" started-at="2019-12-05T00:38:52Z" finished-at="2019-12-05T00:38:58Z">
          <reporter-output>
          </reporter-output>
        </test-method> <!-- asign -->
        <test-method status="FAIL" signature="login(java.lang.String, java.lang.String)[pri:0, instance:datadriventestcases.LoginDataDriven@5e7cd6cc]" name="login" duration-ms="560" started-at="2019-12-05T00:38:58Z" data-provider="credential" finished-at="2019-12-05T00:38:59Z">
          <params>
            <param index="0">
              <value>
                <![CDATA[username]]>
              </value>
            </param>
            <param index="1">
              <value>
                <![CDATA[cvcc]]>
              </value>
            </param>
          </params>
          <exception class="java.lang.AssertionError">
            <message>
              <![CDATA[expected [Zero - Log in] but found [Zero - Account Summary]]]>
            </message>
            <full-stacktrace>
              <![CDATA[java.lang.AssertionError: expected [Zero - Log in] but found [Zero - Account Summary]
at org.testng.Assert.fail(Assert.java:96)
at org.testng.Assert.failNotEquals(Assert.java:776)
at org.testng.Assert.assertEqualsImpl(Assert.java:137)
at org.testng.Assert.assertEquals(Assert.java:118)
at org.testng.Assert.assertEquals(Assert.java:453)
at org.testng.Assert.assertEquals(Assert.java:463)
at datadriventestcases.LoginDataDriven.login(LoginDataDriven.java:32)
at sun.reflect.NativeMethodAccessorImpl.invoke0(Native Method)
at sun.reflect.NativeMethodAccessorImpl.invoke(NativeMethodAccessorImpl.java:62)
at sun.reflect.DelegatingMethodAccessorImpl.invoke(DelegatingMethodAccessorImpl.java:43)
at java.lang.reflect.Method.invoke(Method.java:498)
at org.testng.internal.MethodInvocationHelper.invokeMethod(MethodInvocationHelper.java:124)
at org.testng.internal.Invoker.invokeMethod(Invoker.java:583)
at org.testng.internal.Invoker.invokeTestMethod(Invoker.java:719)
at org.testng.internal.Invoker.invokeTestMethods(Invoker.java:989)
at org.testng.internal.TestMethodWorker.invokeTestMethods(TestMethodWorker.java:125)
at org.testng.internal.TestMethodWorker.run(TestMethodWorker.java:109)
at org.testng.TestRunner.privateRun(TestRunner.java:648)
at org.testng.TestRunner.run(TestRunner.java:505)
at org.testng.SuiteRunner.runTest(SuiteRunner.java:455)
at org.testng.SuiteRunner.runSequentially(SuiteRunner.java:450)
at org.testng.SuiteRunner.privateRun(SuiteRunner.java:415)
at org.testng.SuiteRunner.run(SuiteRunner.java:364)
at org.testng.SuiteRunnerWorker.runSuite(SuiteRunnerWorker.java:52)
at org.testng.SuiteRunnerWorker.run(SuiteRunnerWorker.java:84)
at org.testng.TestNG.runSuitesSequentially(TestNG.java:1208)
at org.testng.TestNG.runSuitesLocally(TestNG.java:1137)
at org.testng.TestNG.runSuites(TestNG.java:1049)
at org.testng.TestNG.run(TestNG.java:1017)
at org.apache.maven.surefire.testng.TestNGExecutor.run(TestNGExecutor.java:283)
at org.apache.maven.surefire.testng.TestNGXmlTestSuite.execute(TestNGXmlTestSuite.java:75)
at org.apache.maven.surefire.testng.TestNGProvider.invoke(TestNGProvider.java:120)
at org.apache.maven.surefire.booter.ForkedBooter.runSuitesInProcess(ForkedBooter.java:377)
at org.apache.maven.surefire.booter.ForkedBooter.execute(ForkedBooter.java:138)
at org.apache.maven.surefire.booter.ForkedBooter.run(ForkedBooter.java:465)
at org.apache.maven.surefire.booter.ForkedBooter.main(ForkedBooter.java:451)
]]>
            </full-stacktrace>
          </exception> <!-- java.lang.AssertionError -->
          <reporter-output>
            <line>
              <![CDATA[Click to see Screenshot]]>
            </line>
            <line>
              <![CDATA[<a target="_blank" href=Wed_Dec_04_19_38_59_EST_2019.jpg>Screenshot</a>]]>
            </line>
            <line>
              <![CDATA[<br>]]>
            </line>
            <line>
              <![CDATA[<br>]]>
            </line>
            <line>
              <![CDATA[<a target="_blank" href=Wed_Dec_04_19_38_59_EST_2019.jpg><img src=Wed_Dec_04_19_38_59_EST_2019.jpg height=200 width=200></img></a>]]>
            </line>
          </reporter-output>
        </test-method> <!-- login -->
        <test-method status="FAIL" signature="login(java.lang.String, java.lang.String)[pri:0, instance:datadriventestcases.LoginDataDriven@5e7cd6cc]" name="login" duration-ms="401" started-at="2019-12-05T00:38:59Z" data-provider="credential" finished-at="2019-12-05T00:39:00Z">
          <params>
            <param index="0">
              <value>
                <![CDATA[dfg]]>
              </value>
            </param>
            <param index="1">
              <value>
                <![CDATA[rtr]]>
              </value>
            </param>
          </params>
          <exception class="java.lang.AssertionError">
            <message>
              <![CDATA[expected [Zero - Log in] but found [Zero - Account Summary]]]>
            </message>
            <full-stacktrace>
              <![CDATA[java.lang.AssertionError: expected [Zero - Log in] but found [Zero - Account Summary]
at org.testng.Assert.fail(Assert.java:96)
at org.testng.Assert.failNotEquals(Assert.java:776)
at org.testng.Assert.assertEqualsImpl(Assert.java:137)
at org.testng.Assert.assertEquals(Assert.java:118)
at org.testng.Assert.assertEquals(Assert.java:453)
at org.testng.Assert.assertEquals(Assert.java:463)
at datadriventestcases.LoginDataDriven.login(LoginDataDriven.java:32)
at sun.reflect.NativeMethodAccessorImpl.invoke0(Native Method)
at sun.reflect.NativeMethodAccessorImpl.invoke(NativeMethodAccessorImpl.java:62)
at sun.reflect.DelegatingMethodAccessorImpl.invoke(DelegatingMethodAccessorImpl.java:43)
at java.lang.reflect.Method.invoke(Method.java:498)
at org.testng.internal.MethodInvocationHelper.invokeMethod(MethodInvocationHelper.java:124)
at org.testng.internal.Invoker.invokeMethod(Invoker.java:583)
at org.testng.internal.Invoker.invokeTestMethod(Invoker.java:719)
at org.testng.internal.Invoker.invokeTestMethods(Invoker.java:989)
at org.testng.internal.TestMethodWorker.invokeTestMethods(TestMethodWorker.java:125)
at org.testng.internal.TestMethodWorker.run(TestMethodWorker.java:109)
at org.testng.TestRunner.privateRun(TestRunner.java:648)
at org.testng.TestRunner.run(TestRunner.java:505)
at org.testng.SuiteRunner.runTest(SuiteRunner.java:455)
at org.testng.SuiteRunner.runSequentially(SuiteRunner.java:450)
at org.testng.SuiteRunner.privateRun(SuiteRunner.java:415)
at org.testng.SuiteRunner.run(SuiteRunner.java:364)
at org.testng.SuiteRunnerWorker.runSuite(SuiteRunnerWorker.java:52)
at org.testng.SuiteRunnerWorker.run(SuiteRunnerWorker.java:84)
at org.testng.TestNG.runSuitesSequentially(TestNG.java:1208)
at org.testng.TestNG.runSuitesLocally(TestNG.java:1137)
at org.testng.TestNG.runSuites(TestNG.java:1049)
at org.testng.TestNG.run(TestNG.java:1017)
at org.apache.maven.surefire.testng.TestNGExecutor.run(TestNGExecutor.java:283)
at org.apache.maven.surefire.testng.TestNGXmlTestSuite.execute(TestNGXmlTestSuite.java:75)
at org.apache.maven.surefire.testng.TestNGProvider.invoke(TestNGProvider.java:120)
at org.apache.maven.surefire.booter.ForkedBooter.runSuitesInProcess(ForkedBooter.java:377)
at org.apache.maven.surefire.booter.ForkedBooter.execute(ForkedBooter.java:138)
at org.apache.maven.surefire.booter.ForkedBooter.run(ForkedBooter.java:465)
at org.apache.maven.surefire.booter.ForkedBooter.main(ForkedBooter.java:451)
]]>
            </full-stacktrace>
          </exception> <!-- java.lang.AssertionError -->
          <reporter-output>
            <line>
              <![CDATA[Click to see Screenshot]]>
            </line>
            <line>
              <![CDATA[<a target="_blank" href=Wed_Dec_04_19_39_00_EST_2019.jpg>Screenshot</a>]]>
            </line>
            <line>
              <![CDATA[<br>]]>
            </line>
            <line>
              <![CDATA[<br>]]>
            </line>
            <line>
              <![CDATA[<a target="_blank" href=Wed_Dec_04_19_39_00_EST_2019.jpg><img src=Wed_Dec_04_19_39_00_EST_2019.jpg height=200 width=200></img></a>]]>
            </line>
          </reporter-output>
        </test-method> <!-- login -->
        <test-method status="FAIL" signature="login(java.lang.String, java.lang.String)[pri:0, instance:datadriventestcases.LoginDataDriven@5e7cd6cc]" name="login" duration-ms="439" started-at="2019-12-05T00:39:00Z" data-provider="credential" finished-at="2019-12-05T00:39:01Z">
          <params>
            <param index="0">
              <value>
                <![CDATA[dffg]]>
              </value>
            </param>
            <param index="1">
              <value>
                <![CDATA[sdffdf]]>
              </value>
            </param>
          </params>
          <exception class="java.lang.AssertionError">
            <message>
              <![CDATA[expected [Zero - Log in] but found [Zero - Account Summary]]]>
            </message>
            <full-stacktrace>
              <![CDATA[java.lang.AssertionError: expected [Zero - Log in] but found [Zero - Account Summary]
at org.testng.Assert.fail(Assert.java:96)
at org.testng.Assert.failNotEquals(Assert.java:776)
at org.testng.Assert.assertEqualsImpl(Assert.java:137)
at org.testng.Assert.assertEquals(Assert.java:118)
at org.testng.Assert.assertEquals(Assert.java:453)
at org.testng.Assert.assertEquals(Assert.java:463)
at datadriventestcases.LoginDataDriven.login(LoginDataDriven.java:32)
at sun.reflect.NativeMethodAccessorImpl.invoke0(Native Method)
at sun.reflect.NativeMethodAccessorImpl.invoke(NativeMethodAccessorImpl.java:62)
at sun.reflect.DelegatingMethodAccessorImpl.invoke(DelegatingMethodAccessorImpl.java:43)
at java.lang.reflect.Method.invoke(Method.java:498)
at org.testng.internal.MethodInvocationHelper.invokeMethod(MethodInvocationHelper.java:124)
at org.testng.internal.Invoker.invokeMethod(Invoker.java:583)
at org.testng.internal.Invoker.invokeTestMethod(Invoker.java:719)
at org.testng.internal.Invoker.invokeTestMethods(Invoker.java:989)
at org.testng.internal.TestMethodWorker.invokeTestMethods(TestMethodWorker.java:125)
at org.testng.internal.TestMethodWorker.run(TestMethodWorker.java:109)
at org.testng.TestRunner.privateRun(TestRunner.java:648)
at org.testng.TestRunner.run(TestRunner.java:505)
at org.testng.SuiteRunner.runTest(SuiteRunner.java:455)
at org.testng.SuiteRunner.runSequentially(SuiteRunner.java:450)
at org.testng.SuiteRunner.privateRun(SuiteRunner.java:415)
at org.testng.SuiteRunner.run(SuiteRunner.java:364)
at org.testng.SuiteRunnerWorker.runSuite(SuiteRunnerWorker.java:52)
at org.testng.SuiteRunnerWorker.run(SuiteRunnerWorker.java:84)
at org.testng.TestNG.runSuitesSequentially(TestNG.java:1208)
at org.testng.TestNG.runSuitesLocally(TestNG.java:1137)
at org.testng.TestNG.runSuites(TestNG.java:1049)
at org.testng.TestNG.run(TestNG.java:1017)
at org.apache.maven.surefire.testng.TestNGExecutor.run(TestNGExecutor.java:283)
at org.apache.maven.surefire.testng.TestNGXmlTestSuite.execute(TestNGXmlTestSuite.java:75)
at org.apache.maven.surefire.testng.TestNGProvider.invoke(TestNGProvider.java:120)
at org.apache.maven.surefire.booter.ForkedBooter.runSuitesInProcess(ForkedBooter.java:377)
at org.apache.maven.surefire.booter.ForkedBooter.execute(ForkedBooter.java:138)
at org.apache.maven.surefire.booter.ForkedBooter.run(ForkedBooter.java:465)
at org.apache.maven.surefire.booter.ForkedBooter.main(ForkedBooter.java:451)
]]>
            </full-stacktrace>
          </exception> <!-- java.lang.AssertionError -->
          <reporter-output>
            <line>
              <![CDATA[Click to see Screenshot]]>
            </line>
            <line>
              <![CDATA[<a target="_blank" href=Wed_Dec_04_19_39_01_EST_2019.jpg>Screenshot</a>]]>
            </line>
            <line>
              <![CDATA[<br>]]>
            </line>
            <line>
              <![CDATA[<br>]]>
            </line>
            <line>
              <![CDATA[<a target="_blank" href=Wed_Dec_04_19_39_01_EST_2019.jpg><img src=Wed_Dec_04_19_39_01_EST_2019.jpg height=200 width=200></img></a>]]>
            </line>
          </reporter-output>
        </test-method> <!-- login -->
        <test-method status="PASS" signature="login(java.lang.String, java.lang.String)[pri:0, instance:datadriventestcases.LoginDataDriven@5e7cd6cc]" name="login" duration-ms="1479" started-at="2019-12-05T00:39:01Z" data-provider="credential" finished-at="2019-12-05T00:39:03Z">
          <params>
            <param index="0">
              <value>
                <![CDATA[username]]>
              </value>
            </param>
            <param index="1">
              <value>
                <![CDATA[password]]>
              </value>
            </param>
          </params>
          <reporter-output>
          </reporter-output>
        </test-method> <!-- login -->
      </class> <!-- datadriventestcases.LoginDataDriven -->
    </test> <!-- Login_data-driven -->
  </suite> <!-- Login -->
  <suite name="Presentation for ZeroBanking" duration-ms="61921" started-at="2019-12-05T00:39:19Z" finished-at="2019-12-05T00:40:21Z">
    <groups>
    </groups>
    <test name="Regression" duration-ms="61921" started-at="2019-12-05T00:39:19Z" finished-at="2019-12-05T00:40:21Z">
      <class name="functionaltestcases.FindTransactionTestCase">
        <test-method status="PASS" signature="Findtr()[pri:0, instance:functionaltestcases.FindTransactionTestCase@28cda624]" name="Findtr" duration-ms="9549" started-at="2019-12-05T00:39:56Z" finished-at="2019-12-05T00:40:05Z">
          <reporter-output>
          </reporter-output>
        </test-method> <!-- Findtr -->
      </class> <!-- functionaltestcases.FindTransactionTestCase -->
      <class name="functionaltestcases.ShowTransactionTestCase">
        <test-method status="PASS" signature="showtr()[pri:0, instance:functionaltestcases.ShowTransactionTestCase@387a8303]" name="showtr" duration-ms="9700" started-at="2019-12-05T00:39:46Z" finished-at="2019-12-05T00:39:56Z">
          <reporter-output>
          </reporter-output>
        </test-method> <!-- showtr -->
      </class> <!-- functionaltestcases.ShowTransactionTestCase -->
      <class name="functionaltestcases.AddPayeeTestCase">
        <test-method status="PASS" signature="Addpayee()[pri:0, instance:functionaltestcases.AddPayeeTestCase@7139992f]" name="Addpayee" duration-ms="7609" started-at="2019-12-05T00:39:30Z" finished-at="2019-12-05T00:39:38Z">
          <reporter-output>
          </reporter-output>
        </test-method> <!-- Addpayee -->
      </class> <!-- functionaltestcases.AddPayeeTestCase -->
      <class name="functionaltestcases.PurchaseFCurrencyTestCase">
        <test-method status="PASS" signature="PurchaseCur()[pri:0, instance:functionaltestcases.PurchaseFCurrencyTestCase@69504ae9]" name="PurchaseCur" duration-ms="8217" started-at="2019-12-05T00:39:38Z" finished-at="2019-12-05T00:39:46Z">
          <reporter-output>
          </reporter-output>
        </test-method> <!-- PurchaseCur -->
      </class> <!-- functionaltestcases.PurchaseFCurrencyTestCase -->
      <class name="functionaltestcases.AccountSummaryTestCase">
        <test-method status="PASS" signature="showAcc()[pri:0, instance:functionaltestcases.AccountSummaryTestCase@47caedad]" name="showAcc" duration-ms="10685" started-at="2019-12-05T00:39:19Z" finished-at="2019-12-05T00:39:30Z">
          <reporter-output>
          </reporter-output>
        </test-method> <!-- showAcc -->
      </class> <!-- functionaltestcases.AccountSummaryTestCase -->
      <class name="functionaltestcases.TransferFundTestCase">
        <test-method status="PASS" signature="transferfunds()[pri:0, instance:functionaltestcases.TransferFundTestCase@7eecb5b8]" name="transferfunds" duration-ms="7273" started-at="2019-12-05T00:40:14Z" finished-at="2019-12-05T00:40:21Z">
          <reporter-output>
          </reporter-output>
        </test-method> <!-- transferfunds -->
      </class> <!-- functionaltestcases.TransferFundTestCase -->
      <class name="functionaltestcases.PaySavedPayeeTestCase">
        <test-method status="PASS" signature="PayPayee()[pri:0, instance:functionaltestcases.PaySavedPayeeTestCase@1500b2f3]" name="PayPayee" duration-ms="8311" started-at="2019-12-05T00:40:05Z" finished-at="2019-12-05T00:40:14Z">
          <reporter-output>
          </reporter-output>
        </test-method> <!-- PayPayee -->
      </class> <!-- functionaltestcases.PaySavedPayeeTestCase -->
    </test> <!-- Regression -->
  </suite> <!-- Presentation for ZeroBanking -->
  <suite name="Addpayee" duration-ms="11209" started-at="2019-12-05T00:39:06Z" finished-at="2019-12-05T00:39:17Z">
    <groups>
    </groups>
    <test name="Addpayee_Function" duration-ms="11209" started-at="2019-12-05T00:39:06Z" finished-at="2019-12-05T00:39:17Z">
      <class name="datadriventestcases.AddPayee_datadriven">
        <test-method status="PASS" signature="asign()[pri:1, instance:datadriventestcases.AddPayee_datadriven@1b1cfb87]" name="asign" duration-ms="6069" started-at="2019-12-05T00:39:06Z" finished-at="2019-12-05T00:39:12Z">
          <reporter-output>
          </reporter-output>
        </test-method> <!-- asign -->
        <test-method status="PASS" signature="Addpayee(java.lang.String, java.lang.String, java.lang.String, java.lang.String)[pri:2, instance:datadriventestcases.AddPayee_datadriven@1b1cfb87]" name="Addpayee" duration-ms="1084" started-at="2019-12-05T00:39:12Z" data-provider="credentials" finished-at="2019-12-05T00:39:13Z">
          <params>
            <param index="0">
              <value>
                <![CDATA[Spirit of Maths]]>
              </value>
            </param>
            <param index="1">
              <value>
                <![CDATA[3124 Dukins dr, Mississauga]]>
              </value>
            </param>
            <param index="2">
              <value>
                <![CDATA[ASW34455SDf]]>
              </value>
            </param>
            <param index="3">
              <value>
                <![CDATA[Maths Classes]]>
              </value>
            </param>
          </params>
          <reporter-output>
          </reporter-output>
        </test-method> <!-- Addpayee -->
        <test-method status="PASS" signature="Addpayee(java.lang.String, java.lang.String, java.lang.String, java.lang.String)[pri:2, instance:datadriventestcases.AddPayee_datadriven@1b1cfb87]" name="Addpayee" duration-ms="947" started-at="2019-12-05T00:39:13Z" data-provider="credentials" finished-at="2019-12-05T00:39:14Z">
          <params>
            <param index="0">
              <value>
                <![CDATA[GoodLife]]>
              </value>
            </param>
            <param index="1">
              <value>
                <![CDATA[Glenerin dr, Mississauga]]>
              </value>
            </param>
            <param index="2">
              <value>
                <![CDATA[QWvgbfhj54656765]]>
              </value>
            </param>
            <param index="3">
              <value>
                <![CDATA[Gim]]>
              </value>
            </param>
          </params>
          <reporter-output>
          </reporter-output>
        </test-method> <!-- Addpayee -->
        <test-method status="PASS" signature="Addpayee(java.lang.String, java.lang.String, java.lang.String, java.lang.String)[pri:2, instance:datadriventestcases.AddPayee_datadriven@1b1cfb87]" name="Addpayee" duration-ms="826" started-at="2019-12-05T00:39:14Z" data-provider="credentials" finished-at="2019-12-05T00:39:15Z">
          <params>
            <param index="0">
              <value>
                <![CDATA[EDI Mrk]]>
              </value>
            </param>
            <param index="1">
              <value>
                <![CDATA[Toronto]]>
              </value>
            </param>
            <param index="2">
              <value>
                <![CDATA[VD43545fd]]>
              </value>
            </param>
            <param index="3">
              <value>
                <![CDATA[car insurance]]>
              </value>
            </param>
          </params>
          <reporter-output>
          </reporter-output>
        </test-method> <!-- Addpayee -->
        <test-method status="PASS" signature="Addpayee(java.lang.String, java.lang.String, java.lang.String, java.lang.String)[pri:2, instance:datadriventestcases.AddPayee_datadriven@1b1cfb87]" name="Addpayee" duration-ms="897" started-at="2019-12-05T00:39:15Z" data-provider="credentials" finished-at="2019-12-05T00:39:16Z">
          <params>
            <param index="0">
              <value>
                <![CDATA[XMMSpkds]]>
              </value>
            </param>
            <param index="1">
              <value>
                <![CDATA[Ottawa]]>
              </value>
            </param>
            <param index="2">
              <value>
                <![CDATA[RDvbfghdf]]>
              </value>
            </param>
            <param index="3">
              <value>
                <![CDATA[charity]]>
              </value>
            </param>
          </params>
          <reporter-output>
          </reporter-output>
        </test-method> <!-- Addpayee -->
        <test-method status="PASS" signature="endpayee()[pri:3, instance:datadriventestcases.AddPayee_datadriven@1b1cfb87]" name="endpayee" duration-ms="979" started-at="2019-12-05T00:39:16Z" finished-at="2019-12-05T00:39:17Z">
          <reporter-output>
          </reporter-output>
        </test-method> <!-- endpayee -->
      </class> <!-- datadriventestcases.AddPayee_datadriven -->
    </test> <!-- Addpayee_Function -->
  </suite> <!-- Addpayee -->
</testng-results>
